kotlin version: 2.0.21
error message: org.jetbrains.kotlin.backend.common.BackendException: Backend Internal error: Exception during IR lowering
File being compiled: /Users/pilafme/Library/CloudStorage/Dropbox/Code/Weekflow/app/src/main/java/com/pilafme/weekflow/AppNavigation.kt
The root cause java.lang.RuntimeException was thrown at: org.jetbrains.kotlin.backend.jvm.codegen.FunctionCodegen.generate(FunctionCodegen.kt:47)
	at org.jetbrains.kotlin.backend.common.CodegenUtil.reportBackendException(CodegenUtil.kt:253)
	at org.jetbrains.kotlin.backend.common.CodegenUtil.reportBackendException$default(CodegenUtil.kt:236)
	at org.jetbrains.kotlin.backend.common.phaser.PerformByIrFilePhase.invokeSequential(performByIrFile.kt:65)
	at org.jetbrains.kotlin.backend.common.phaser.PerformByIrFilePhase.invoke(performByIrFile.kt:52)
	at org.jetbrains.kotlin.backend.common.phaser.PerformByIrFilePhase.invoke(performByIrFile.kt:38)
	at org.jetbrains.kotlin.backend.common.phaser.NamedCompilerPhase.phaseBody(CompilerPhase.kt:166)
	at org.jetbrains.kotlin.backend.common.phaser.AbstractNamedCompilerPhase.invoke(CompilerPhase.kt:113)
	at org.jetbrains.kotlin.backend.common.phaser.CompositePhase.invoke(PhaseBuilders.kt:27)
	at org.jetbrains.kotlin.backend.common.phaser.CompositePhase.invoke(PhaseBuilders.kt:14)
	at org.jetbrains.kotlin.backend.common.phaser.NamedCompilerPhase.phaseBody(CompilerPhase.kt:166)
	at org.jetbrains.kotlin.backend.common.phaser.AbstractNamedCompilerPhase.invoke(CompilerPhase.kt:113)
	at org.jetbrains.kotlin.backend.common.phaser.CompilerPhaseKt.invokeToplevel(CompilerPhase.kt:62)
	at org.jetbrains.kotlin.backend.jvm.JvmIrCodegenFactory.invokeCodegen(JvmIrCodegenFactory.kt:371)
	at org.jetbrains.kotlin.codegen.CodegenFactory.generateModule(CodegenFactory.kt:47)
	at org.jetbrains.kotlin.backend.jvm.JvmIrCodegenFactory.generateModuleInFrontendIRMode(JvmIrCodegenFactory.kt:433)
	at org.jetbrains.kotlin.cli.jvm.compiler.pipeline.JvmCompilerPipelineKt.generateCodeFromIr(jvmCompilerPipeline.kt:246)
	at org.jetbrains.kotlin.cli.jvm.compiler.pipeline.JvmCompilerPipelineKt.compileModulesUsingFrontendIrAndLightTree(jvmCompilerPipeline.kt:142)
	at org.jetbrains.kotlin.cli.jvm.K2JVMCompiler.doExecute(K2JVMCompiler.kt:148)
	at org.jetbrains.kotlin.cli.jvm.K2JVMCompiler.doExecute(K2JVMCompiler.kt:43)
	at org.jetbrains.kotlin.cli.common.CLICompiler.execImpl(CLICompiler.kt:103)
	at org.jetbrains.kotlin.cli.common.CLICompiler.execImpl(CLICompiler.kt:49)
	at org.jetbrains.kotlin.cli.common.CLITool.exec(CLITool.kt:101)
	at org.jetbrains.kotlin.incremental.IncrementalJvmCompilerRunner.runCompiler(IncrementalJvmCompilerRunner.kt:464)
	at org.jetbrains.kotlin.incremental.IncrementalJvmCompilerRunner.runCompiler(IncrementalJvmCompilerRunner.kt:73)
	at org.jetbrains.kotlin.incremental.IncrementalCompilerRunner.doCompile(IncrementalCompilerRunner.kt:506)
	at org.jetbrains.kotlin.incremental.IncrementalCompilerRunner.compileImpl(IncrementalCompilerRunner.kt:423)
	at org.jetbrains.kotlin.incremental.IncrementalCompilerRunner.compileNonIncrementally(IncrementalCompilerRunner.kt:301)
	at org.jetbrains.kotlin.incremental.IncrementalCompilerRunner.compile(IncrementalCompilerRunner.kt:129)
	at org.jetbrains.kotlin.daemon.CompileServiceImplBase.execIncrementalCompiler(CompileServiceImpl.kt:675)
	at org.jetbrains.kotlin.daemon.CompileServiceImplBase.access$execIncrementalCompiler(CompileServiceImpl.kt:92)
	at org.jetbrains.kotlin.daemon.CompileServiceImpl.compile(CompileServiceImpl.kt:1660)
	at java.base/jdk.internal.reflect.DirectMethodHandleAccessor.invoke(Unknown Source)
	at java.base/java.lang.reflect.Method.invoke(Unknown Source)
	at java.rmi/sun.rmi.server.UnicastServerRef.dispatch(Unknown Source)
	at java.rmi/sun.rmi.transport.Transport$1.run(Unknown Source)
	at java.rmi/sun.rmi.transport.Transport$1.run(Unknown Source)
	at java.base/java.security.AccessController.doPrivileged(Unknown Source)
	at java.rmi/sun.rmi.transport.Transport.serviceCall(Unknown Source)
	at java.rmi/sun.rmi.transport.tcp.TCPTransport.handleMessages(Unknown Source)
	at java.rmi/sun.rmi.transport.tcp.TCPTransport$ConnectionHandler.run0(Unknown Source)
	at java.rmi/sun.rmi.transport.tcp.TCPTransport$ConnectionHandler.lambda$run$0(Unknown Source)
	at java.base/java.security.AccessController.doPrivileged(Unknown Source)
	at java.rmi/sun.rmi.transport.tcp.TCPTransport$ConnectionHandler.run(Unknown Source)
	at java.base/java.util.concurrent.ThreadPoolExecutor.runWorker(Unknown Source)
	at java.base/java.util.concurrent.ThreadPoolExecutor$Worker.run(Unknown Source)
	at java.base/java.lang.Thread.run(Unknown Source)
Caused by: java.lang.RuntimeException: Exception while generating code for:
FUN name:AppNavigation visibility:public modality:FINAL <> () returnType:kotlin.Unit
  annotations:
    Composable
  BLOCK_BODY
    VAR PROPERTY_DELEGATE name:selectedTab$delegate type:androidx.compose.runtime.MutableIntState [val]
      CALL 'public final fun remember <T> (calculation: @[DisallowComposableCalls] kotlin.Function0<T of androidx.compose.runtime.ComposablesKt.remember>): T of androidx.compose.runtime.ComposablesKt.remember [inline] declared in androidx.compose.runtime.ComposablesKt' type=androidx.compose.runtime.MutableIntState origin=null
        <T>: androidx.compose.runtime.MutableIntState
        calculation: BLOCK type=kotlin.Function0<androidx.compose.runtime.MutableIntState> origin=LAMBDA
          COMPOSITE type=kotlin.Unit origin=null
          FUNCTION_REFERENCE 'private final fun AppNavigation$lambda$0 (): androidx.compose.runtime.MutableIntState declared in com.pilafme.weekflow.AppNavigationKt' type=kotlin.Function0<androidx.compose.runtime.MutableIntState> origin=INLINE_LAMBDA reflectionTarget=null
    VAR name:days type:kotlin.collections.List<kotlin.String> [val]
      CALL 'public final fun listOf <T> (vararg elements: T of kotlin.collections.CollectionsKt.listOf): kotlin.collections.List<T of kotlin.collections.CollectionsKt.listOf> declared in kotlin.collections.CollectionsKt' type=kotlin.collections.List<kotlin.String> origin=null
        <T>: kotlin.String
        elements: BLOCK type=kotlin.Array<out kotlin.String> origin=null
          VAR IR_TEMPORARY_VARIABLE name:tmp0 type:kotlin.Array<out kotlin.String> [val]
            CALL 'public final fun arrayOfNulls <T> (size: kotlin.Int): kotlin.Array<T of kotlin.arrayOfNulls?> declared in kotlin' type=kotlin.Array<out kotlin.String> origin=null
              <T>: kotlin.String
              size: CONST Int type=kotlin.Int value=7
          CALL 'public final fun set (index: kotlin.Int, value: T of kotlin.Array): kotlin.Unit [operator] declared in kotlin.Array' type=kotlin.Unit origin=null
            $this: GET_VAR 'val tmp0: kotlin.Array<out kotlin.String> [val] declared in com.pilafme.weekflow.AppNavigationKt.AppNavigation' type=kotlin.Array<out kotlin.String> origin=null
            index: CONST Int type=kotlin.Int value=0
            value: CONST String type=kotlin.String value="Сегодня"
          CALL 'public final fun set (index: kotlin.Int, value: T of kotlin.Array): kotlin.Unit [operator] declared in kotlin.Array' type=kotlin.Unit origin=null
            $this: GET_VAR 'val tmp0: kotlin.Array<out kotlin.String> [val] declared in com.pilafme.weekflow.AppNavigationKt.AppNavigation' type=kotlin.Array<out kotlin.String> origin=null
            index: CONST Int type=kotlin.Int value=1
            value: CONST String type=kotlin.String value="Завтра"
          CALL 'public final fun set (index: kotlin.Int, value: T of kotlin.Array): kotlin.Unit [operator] declared in kotlin.Array' type=kotlin.Unit origin=null
            $this: GET_VAR 'val tmp0: kotlin.Array<out kotlin.String> [val] declared in com.pilafme.weekflow.AppNavigationKt.AppNavigation' type=kotlin.Array<out kotlin.String> origin=null
            index: CONST Int type=kotlin.Int value=2
            value: CONST String type=kotlin.String value="+2"
          CALL 'public final fun set (index: kotlin.Int, value: T of kotlin.Array): kotlin.Unit [operator] declared in kotlin.Array' type=kotlin.Unit origin=null
            $this: GET_VAR 'val tmp0: kotlin.Array<out kotlin.String> [val] declared in com.pilafme.weekflow.AppNavigationKt.AppNavigation' type=kotlin.Array<out kotlin.String> origin=null
            index: CONST Int type=kotlin.Int value=3
            value: CONST String type=kotlin.String value="+3"
          CALL 'public final fun set (index: kotlin.Int, value: T of kotlin.Array): kotlin.Unit [operator] declared in kotlin.Array' type=kotlin.Unit origin=null
            $this: GET_VAR 'val tmp0: kotlin.Array<out kotlin.String> [val] declared in com.pilafme.weekflow.AppNavigationKt.AppNavigation' type=kotlin.Array<out kotlin.String> origin=null
            index: CONST Int type=kotlin.Int value=4
            value: CONST String type=kotlin.String value="+4"
          CALL 'public final fun set (index: kotlin.Int, value: T of kotlin.Array): kotlin.Unit [operator] declared in kotlin.Array' type=kotlin.Unit origin=null
            $this: GET_VAR 'val tmp0: kotlin.Array<out kotlin.String> [val] declared in com.pilafme.weekflow.AppNavigationKt.AppNavigation' type=kotlin.Array<out kotlin.String> origin=null
            index: CONST Int type=kotlin.Int value=5
            value: CONST String type=kotlin.String value="+5"
          CALL 'public final fun set (index: kotlin.Int, value: T of kotlin.Array): kotlin.Unit [operator] declared in kotlin.Array' type=kotlin.Unit origin=null
            $this: GET_VAR 'val tmp0: kotlin.Array<out kotlin.String> [val] declared in com.pilafme.weekflow.AppNavigationKt.AppNavigation' type=kotlin.Array<out kotlin.String> origin=null
            index: CONST Int type=kotlin.Int value=6
            value: CONST String type=kotlin.String value="+6"
          GET_VAR 'val tmp0: kotlin.Array<out kotlin.String> [val] declared in com.pilafme.weekflow.AppNavigationKt.AppNavigation' type=kotlin.Array<out kotlin.String> origin=null
    VAR name:dates type:kotlin.collections.List<@[FlexibleNullability] java.time.LocalDate?> [val]
      CALL 'public final fun map <T, R> (transform: kotlin.Function1<T of kotlin.collections.CollectionsKt.map, R of kotlin.collections.CollectionsKt.map>): kotlin.collections.List<R of kotlin.collections.CollectionsKt.map> [inline] declared in kotlin.collections.CollectionsKt' type=kotlin.collections.List<@[FlexibleNullability] java.time.LocalDate?> origin=null
        <T>: kotlin.Int
        <R>: @[FlexibleNullability] java.time.LocalDate?
        $receiver: CALL 'public final fun rangeTo (other: kotlin.Int): kotlin.ranges.IntRange [operator] declared in kotlin.Int' type=kotlin.ranges.IntRange origin=RANGE
          $this: CONST Int type=kotlin.Int value=0
          other: CONST Int type=kotlin.Int value=6
        transform: BLOCK type=kotlin.Function1<kotlin.Int, @[FlexibleNullability] java.time.LocalDate?> origin=LAMBDA
          COMPOSITE type=kotlin.Unit origin=null
          FUNCTION_REFERENCE 'private final fun AppNavigation$lambda$3 (it: kotlin.Int): @[FlexibleNullability] java.time.LocalDate? declared in com.pilafme.weekflow.AppNavigationKt' type=kotlin.Function1<kotlin.Int, @[FlexibleNullability] java.time.LocalDate?> origin=INLINE_LAMBDA reflectionTarget=null
    CALL 'public final fun LaunchedEffect (key1: kotlin.Any?, block: @[ExtensionFunctionType] kotlin.coroutines.SuspendFunction1<kotlinx.coroutines.CoroutineScope, kotlin.Unit>): kotlin.Unit declared in androidx.compose.runtime.EffectsKt' type=kotlin.Unit origin=null
      key1: GET_FIELD 'FIELD FIELD_FOR_OBJECT_INSTANCE name:INSTANCE type:kotlin.Unit visibility:public [final,static] declared in kotlin.Unit' type=kotlin.Unit origin=null
      block: BLOCK type=com.pilafme.weekflow.AppNavigationKt.AppNavigation.<no name provided> origin=null
        CLASS SUSPEND_LAMBDA CLASS name:<no name provided> modality:FINAL visibility:public/*package*/ superTypes:[kotlin.coroutines.jvm.internal.SuspendLambda; kotlin.jvm.functions.Function2<kotlinx.coroutines.CoroutineScope, kotlin.coroutines.Continuation<kotlin.Unit>?, kotlin.Any?>]
          $this: VALUE_PARAMETER INSTANCE_RECEIVER name:<this> type:com.pilafme.weekflow.AppNavigationKt.AppNavigation.<no name provided>
          FIELD name:label type:kotlin.Int visibility:public/*package*/
          CONSTRUCTOR SUSPEND_LAMBDA visibility:public/*package*/ <> ($completion:kotlin.coroutines.Continuation<com.pilafme.weekflow.AppNavigationKt.AppNavigation.<no name provided>>?) returnType:com.pilafme.weekflow.AppNavigationKt.AppNavigation.<no name provided> [primary]
            VALUE_PARAMETER name:$completion index:0 type:kotlin.coroutines.Continuation<com.pilafme.weekflow.AppNavigationKt.AppNavigation.<no name provided>>?
            BLOCK_BODY
              DELEGATING_CONSTRUCTOR_CALL 'public constructor <init> (arity: kotlin.Int, $completion: kotlin.coroutines.Continuation<kotlin.Any?>?) declared in kotlin.coroutines.jvm.internal.SuspendLambda'
                arity: CONST Int type=kotlin.Int value=2
                $completion: GET_VAR '$completion: kotlin.coroutines.Continuation<com.pilafme.weekflow.AppNavigationKt.AppNavigation.<no name provided>>? declared in com.pilafme.weekflow.AppNavigationKt.AppNavigation.<no name provided>.<init>' type=kotlin.coroutines.Continuation<com.pilafme.weekflow.AppNavigationKt.AppNavigation.<no name provided>>? origin=null
              BLOCK type=kotlin.Unit origin=null
          FUN name:invokeSuspend visibility:public modality:FINAL <> ($this:com.pilafme.weekflow.AppNavigationKt.AppNavigation.<no name provided>, $result:kotlin.Result<kotlin.Any?>) returnType:kotlin.Any?
            overridden:
              protected abstract fun invokeSuspend ($result: kotlin.Result<kotlin.Any?>): kotlin.Any? declared in kotlin.coroutines.jvm.internal.SuspendLambda
            $this: VALUE_PARAMETER INSTANCE_RECEIVER name:<this> type:com.pilafme.weekflow.AppNavigationKt.AppNavigation.<no name provided>
            VALUE_PARAMETER name:$result index:0 type:kotlin.Result<kotlin.Any?>
            BLOCK_BODY
              VAR name:workManager type:androidx.work.WorkManager [val]
                BLOCK type=androidx.work.WorkManager origin=null
                  VAR IR_TEMPORARY_VARIABLE name:tmp0 type:kotlin.Any? [val]
                    CALL 'public open fun getInstance (): @[EnhancedNullability] androidx.work.WorkManager declared in androidx.work.WorkManager' type=@[EnhancedNullability] androidx.work.WorkManager origin=null
                  CALL 'public final fun checkNotNullExpressionValue (value: kotlin.Any?, expression: kotlin.String): kotlin.Unit declared in kotlin.jvm.internal.Intrinsics' type=kotlin.Unit origin=null
                    value: GET_VAR 'val tmp0: kotlin.Any? [val] declared in com.pilafme.weekflow.AppNavigationKt.AppNavigation.<no name provided>.invokeSuspend' type=kotlin.Any? origin=null
                    expression: CONST String type=kotlin.String value="getInstance(...)"
                  GET_VAR 'val tmp0: kotlin.Any? [val] declared in com.pilafme.weekflow.AppNavigationKt.AppNavigation.<no name provided>.invokeSuspend' type=kotlin.Any? origin=null
              VAR name:dailyWorkRequest type:androidx.work.PeriodicWorkRequest [val]
                CALL 'public final fun build (): androidx.work.PeriodicWorkRequest [fake_override] declared in androidx.work.PeriodicWorkRequest.Builder' type=androidx.work.PeriodicWorkRequest origin=null
                  $this: CALL 'public open fun setInitialDelay (duration: kotlin.Long, timeUnit: java.util.concurrent.TimeUnit): androidx.work.PeriodicWorkRequest.Builder [fake_override] declared in androidx.work.PeriodicWorkRequest.Builder' type=androidx.work.PeriodicWorkRequest.Builder origin=null
                    $this: CALL 'public final fun PeriodicWorkRequestBuilder <W> (repeatInterval: kotlin.Long, repeatIntervalTimeUnit: java.util.concurrent.TimeUnit): androidx.work.PeriodicWorkRequest.Builder [inline] declared in androidx.work.PeriodicWorkRequestKt' type=androidx.work.PeriodicWorkRequest.Builder origin=null
                      <W>: com.pilafme.weekflow.NotificationWorker
                      repeatInterval: CONST Long type=kotlin.Long value=1
                      repeatIntervalTimeUnit: GET_FIELD 'FIELD FIELD_FOR_ENUM_ENTRY name:DAYS type:java.util.concurrent.TimeUnit visibility:public [final,static] declared in java.util.concurrent.TimeUnit' type=java.util.concurrent.TimeUnit origin=null
                    duration: CALL 'public final fun access$calculateDelayToMorning (): kotlin.Long declared in com.pilafme.weekflow.AppNavigationKt' type=kotlin.Long origin=null
                    timeUnit: GET_FIELD 'FIELD FIELD_FOR_ENUM_ENTRY name:MILLISECONDS type:java.util.concurrent.TimeUnit visibility:public [final,static] declared in java.util.concurrent.TimeUnit' type=java.util.concurrent.TimeUnit origin=null
              COMPOSITE type=kotlin.Unit origin=null
                CALL 'public abstract fun enqueueUniquePeriodicWork (uniqueWorkName: @[EnhancedNullability] kotlin.String, existingPeriodicWorkPolicy: @[EnhancedNullability] androidx.work.ExistingPeriodicWorkPolicy, periodicWork: @[EnhancedNullability] androidx.work.PeriodicWorkRequest): @[EnhancedNullability] androidx.work.Operation declared in androidx.work.WorkManager' type=@[EnhancedNullability] androidx.work.Operation origin=null
                  $this: GET_VAR 'val workManager: androidx.work.WorkManager [val] declared in com.pilafme.weekflow.AppNavigationKt.AppNavigation.<no name provided>.invokeSuspend' type=androidx.work.WorkManager origin=null
                  uniqueWorkName: CONST String type=kotlin.String value="daily_notification"
                  existingPeriodicWorkPolicy: GET_FIELD 'FIELD FIELD_FOR_ENUM_ENTRY name:KEEP type:androidx.work.ExistingPeriodicWorkPolicy visibility:public [final,static] declared in androidx.work.ExistingPeriodicWorkPolicy' type=androidx.work.ExistingPeriodicWorkPolicy origin=null
                  periodicWork: GET_VAR 'val dailyWorkRequest: androidx.work.PeriodicWorkRequest [val] declared in com.pilafme.weekflow.AppNavigationKt.AppNavigation.<no name provided>.invokeSuspend' type=androidx.work.PeriodicWorkRequest origin=null
                COMPOSITE type=kotlin.Unit origin=null
          FUN name:create visibility:public modality:FINAL <> ($this:com.pilafme.weekflow.AppNavigationKt.AppNavigation.<no name provided>, value:kotlin.Any?, $completion:kotlin.coroutines.Continuation<kotlin.Nothing>) returnType:kotlin.coroutines.Continuation<kotlin.Unit>
            overridden:
              public open fun create (value: kotlin.Any?, $completion: kotlin.coroutines.Continuation<kotlin.Nothing>): kotlin.coroutines.Continuation<kotlin.Unit> declared in kotlin.coroutines.jvm.internal.SuspendLambda
            $this: VALUE_PARAMETER INSTANCE_RECEIVER name:<this> type:com.pilafme.weekflow.AppNavigationKt.AppNavigation.<no name provided>
            VALUE_PARAMETER name:value index:0 type:kotlin.Any?
            VALUE_PARAMETER name:$completion index:1 type:kotlin.coroutines.Continuation<kotlin.Nothing>
            BLOCK_BODY
              RETURN type=kotlin.Nothing from='public final fun create (value: kotlin.Any?, $completion: kotlin.coroutines.Continuation<kotlin.Nothing>): kotlin.coroutines.Continuation<kotlin.Unit> declared in com.pilafme.weekflow.AppNavigationKt.AppNavigation.<no name provided>'
                CONSTRUCTOR_CALL 'public/*package*/ constructor <init> ($completion: kotlin.coroutines.Continuation<com.pilafme.weekflow.AppNavigationKt.AppNavigation.<no name provided>>?) [primary] declared in com.pilafme.weekflow.AppNavigationKt.AppNavigation.<no name provided>' type=com.pilafme.weekflow.AppNavigationKt.AppNavigation.<no name provided> origin=null
                  $completion: GET_VAR '$completion: kotlin.coroutines.Continuation<kotlin.Nothing> declared in com.pilafme.weekflow.AppNavigationKt.AppNavigation.<no name provided>.create' type=kotlin.coroutines.Continuation<kotlin.Nothing> origin=null
          FUN name:invoke visibility:public modality:FINAL <> ($this:com.pilafme.weekflow.AppNavigationKt.AppNavigation.<no name provided>, p1:kotlinx.coroutines.CoroutineScope, p2:kotlin.coroutines.Continuation<kotlin.Unit>?) returnType:kotlin.Any?
            overridden:
              public abstract fun invoke (p1: P1 of kotlin.jvm.functions.Function2, p2: P2 of kotlin.jvm.functions.Function2): R of kotlin.jvm.functions.Function2 declared in kotlin.jvm.functions.Function2
            $this: VALUE_PARAMETER INSTANCE_RECEIVER name:<this> type:com.pilafme.weekflow.AppNavigationKt.AppNavigation.<no name provided>
            VALUE_PARAMETER name:p1 index:0 type:kotlinx.coroutines.CoroutineScope
            VALUE_PARAMETER name:p2 index:1 type:kotlin.coroutines.Continuation<kotlin.Unit>?
            BLOCK_BODY
              RETURN type=kotlin.Nothing from='public final fun invoke (p1: kotlinx.coroutines.CoroutineScope, p2: kotlin.coroutines.Continuation<kotlin.Unit>?): kotlin.Any? declared in com.pilafme.weekflow.AppNavigationKt.AppNavigation.<no name provided>'
                CALL 'public final fun invokeSuspend ($result: kotlin.Result<kotlin.Any?>): kotlin.Any? declared in com.pilafme.weekflow.AppNavigationKt.AppNavigation.<no name provided>' type=kotlin.Any? origin=null
                  $this: TYPE_OP type=com.pilafme.weekflow.AppNavigationKt.AppNavigation.<no name provided> origin=IMPLICIT_CAST typeOperand=com.pilafme.weekflow.AppNavigationKt.AppNavigation.<no name provided>
                    CALL 'public final fun create (value: kotlin.Any?, $completion: kotlin.coroutines.Continuation<kotlin.Nothing>): kotlin.coroutines.Continuation<kotlin.Unit> declared in com.pilafme.weekflow.AppNavigationKt.AppNavigation.<no name provided>' type=kotlin.coroutines.Continuation<kotlin.Unit> origin=null
                      $this: GET_VAR '<this>: com.pilafme.weekflow.AppNavigationKt.AppNavigation.<no name provided> declared in com.pilafme.weekflow.AppNavigationKt.AppNavigation.<no name provided>.invoke' type=com.pilafme.weekflow.AppNavigationKt.AppNavigation.<no name provided> origin=null
                      value: GET_VAR 'p1: kotlinx.coroutines.CoroutineScope declared in com.pilafme.weekflow.AppNavigationKt.AppNavigation.<no name provided>.invoke' type=kotlinx.coroutines.CoroutineScope origin=null
                      $completion: GET_VAR 'p2: kotlin.coroutines.Continuation<kotlin.Unit>? declared in com.pilafme.weekflow.AppNavigationKt.AppNavigation.<no name provided>.invoke' type=kotlin.coroutines.Continuation<kotlin.Unit>? origin=null
                  $result: CALL 'public final fun <unsafe-coerce> <T, R> (v: T of kotlin.jvm.internal.<unsafe-coerce>): R of kotlin.jvm.internal.<unsafe-coerce> declared in kotlin.jvm.internal' type=kotlin.Result<kotlin.Any?> origin=null
                    <T>: kotlin.Any?
                    <R>: kotlin.Result<kotlin.Any?>
                    v: GET_FIELD 'FIELD FIELD_FOR_OBJECT_INSTANCE name:INSTANCE type:kotlin.Unit visibility:public [final,static] declared in kotlin.Unit' type=kotlin.Unit origin=null
          FUN BRIDGE name:invoke visibility:public modality:OPEN <> ($this:com.pilafme.weekflow.AppNavigationKt.AppNavigation.<no name provided>, p1:kotlin.Any?, p2:kotlin.Any?) returnType:kotlin.Any?
            $this: VALUE_PARAMETER INSTANCE_RECEIVER name:<this> type:com.pilafme.weekflow.AppNavigationKt.AppNavigation.<no name provided>
            VALUE_PARAMETER BRIDGE name:p1 index:0 type:kotlin.Any?
            VALUE_PARAMETER BRIDGE name:p2 index:1 type:kotlin.Any?
            EXPRESSION_BODY
              RETURN type=kotlin.Nothing from='public open fun invoke (p1: kotlin.Any?, p2: kotlin.Any?): kotlin.Any? declared in com.pilafme.weekflow.AppNavigationKt.AppNavigation.<no name provided>'
                CALL 'public final fun invoke (p1: kotlinx.coroutines.CoroutineScope, p2: kotlin.coroutines.Continuation<kotlin.Unit>?): kotlin.Any? declared in com.pilafme.weekflow.AppNavigationKt.AppNavigation.<no name provided>' type=kotlin.Any? origin=BRIDGE_DELEGATION
                  $this: GET_VAR '<this>: com.pilafme.weekflow.AppNavigationKt.AppNavigation.<no name provided> declared in com.pilafme.weekflow.AppNavigationKt.AppNavigation.<no name provided>.invoke' type=com.pilafme.weekflow.AppNavigationKt.AppNavigation.<no name provided> origin=null
                  p1: TYPE_OP type=kotlinx.coroutines.CoroutineScope origin=IMPLICIT_CAST typeOperand=kotlinx.coroutines.CoroutineScope
                    GET_VAR 'p1: kotlin.Any? declared in com.pilafme.weekflow.AppNavigationKt.AppNavigation.<no name provided>.invoke' type=kotlin.Any? origin=null
                  p2: TYPE_OP type=kotlin.coroutines.Continuation<*> origin=IMPLICIT_CAST typeOperand=kotlin.coroutines.Continuation<*>
                    GET_VAR 'p2: kotlin.Any? declared in com.pilafme.weekflow.AppNavigationKt.AppNavigation.<no name provided>.invoke' type=kotlin.Any? origin=null
        CONSTRUCTOR_CALL 'public/*package*/ constructor <init> ($completion: kotlin.coroutines.Continuation<com.pilafme.weekflow.AppNavigationKt.AppNavigation.<no name provided>>?) [primary] declared in com.pilafme.weekflow.AppNavigationKt.AppNavigation.<no name provided>' type=com.pilafme.weekflow.AppNavigationKt.AppNavigation.<no name provided> origin=null
          $completion: CONST Null type=kotlin.Nothing? value=null
    CALL 'public final fun TabRow-xUsefZ0$default (selectedTabIndex: kotlin.Int, modifier: androidx.compose.ui.Modifier?, containerColor: androidx.compose.ui.graphics.Color, contentColor: androidx.compose.ui.graphics.Color, indicator: @[Composable] kotlin.Function1<@[ParameterName(name = "tabPositions")] kotlin.collections.List<androidx.compose.material3.TabPosition>, kotlin.Unit>?, divider: @[Composable] kotlin.Function0<kotlin.Unit>?, tabs: @[Composable] kotlin.Function0<kotlin.Unit>, $mask0: kotlin.Int, $handler: kotlin.Any?): kotlin.Unit declared in androidx.compose.material3.TabRowKt' type=kotlin.Unit origin=DEFAULT_DISPATCH_CALL
      selectedTabIndex: CALL 'private final fun AppNavigation$lambda$1 ($selectedTab$delegate: androidx.compose.runtime.MutableIntState): kotlin.Int declared in com.pilafme.weekflow.AppNavigationKt' type=kotlin.Int origin=GET_LOCAL_PROPERTY
        $selectedTab$delegate: GET_VAR 'val selectedTab$delegate: androidx.compose.runtime.MutableIntState [val] declared in com.pilafme.weekflow.AppNavigationKt.AppNavigation' type=androidx.compose.runtime.MutableIntState origin=null
      modifier: COMPOSITE type=androidx.compose.ui.Modifier? origin=DEFAULT_VALUE
        CONST Null type=androidx.compose.ui.Modifier? value=null
      containerColor: COMPOSITE type=androidx.compose.ui.graphics.Color origin=DEFAULT_VALUE
        CALL 'public final fun <unsafe-coerce> <T, R> (v: T of kotlin.jvm.internal.<unsafe-coerce>): R of kotlin.jvm.internal.<unsafe-coerce> declared in kotlin.jvm.internal' type=androidx.compose.ui.graphics.Color origin=null
          <T>: kotlin.Long
          <R>: androidx.compose.ui.graphics.Color
          v: CONST Long type=kotlin.Long value=0
      contentColor: CALL 'public final fun Color (color: kotlin.Long): androidx.compose.ui.graphics.Color declared in androidx.compose.ui.graphics.ColorKt' type=androidx.compose.ui.graphics.Color origin=null
        color: CONST Long type=kotlin.Long value=4278221567
      indicator: COMPOSITE type=@[Composable] kotlin.Function1<@[ParameterName(name = "tabPositions")] kotlin.collections.List<androidx.compose.material3.TabPosition>, kotlin.Unit>? origin=DEFAULT_VALUE
        CONST Null type=@[Composable] kotlin.Function1<@[ParameterName(name = "tabPositions")] kotlin.collections.List<androidx.compose.material3.TabPosition>, kotlin.Unit>? value=null
      divider: COMPOSITE type=@[Composable] kotlin.Function0<kotlin.Unit>? origin=DEFAULT_VALUE
        CONST Null type=@[Composable] kotlin.Function0<kotlin.Unit>? value=null
      tabs: BLOCK type=kotlin.Function0<kotlin.Unit> origin=LAMBDA
        COMPOSITE type=kotlin.Unit origin=null
        CALL 'public final fun <jvm-indy> <T> (dynamicCall: T of kotlin.jvm.internal.<jvm-indy>, bootstrapMethodHandle: kotlin.Any, vararg bootstrapMethodArguments: kotlin.Any): T of kotlin.jvm.internal.<jvm-indy> declared in kotlin.jvm.internal' type=kotlin.Function0<kotlin.Unit> origin=null
          <T>: kotlin.Function0<kotlin.Unit>
          dynamicCall: CALL 'public final fun invoke (p0: kotlin.collections.List<kotlin.String>, p1: androidx.compose.runtime.MutableIntState): kotlin.Function0<kotlin.Unit> declared in kotlin.jvm.internal.invokeDynamic' type=kotlin.Function0<kotlin.Unit> origin=null
            p0: GET_VAR 'val days: kotlin.collections.List<kotlin.String> [val] declared in com.pilafme.weekflow.AppNavigationKt.AppNavigation' type=kotlin.collections.List<kotlin.String> origin=null
            p1: GET_VAR 'val selectedTab$delegate: androidx.compose.runtime.MutableIntState [val] declared in com.pilafme.weekflow.AppNavigationKt.AppNavigation' type=androidx.compose.runtime.MutableIntState origin=null
          bootstrapMethodHandle: CALL 'public final fun <jvm-method-handle> (tag: kotlin.Int, owner: kotlin.String, name: kotlin.String, descriptor: kotlin.String, isInterface: kotlin.Boolean): kotlin.Any declared in kotlin.jvm.internal' type=kotlin.Any origin=null
            tag: CONST Int type=kotlin.Int value=6
            owner: CONST String type=kotlin.String value="java/lang/invoke/LambdaMetafactory"
            name: CONST String type=kotlin.String value="metafactory"
            descriptor: CONST String type=kotlin.String value="(Ljava/lang/invoke/MethodHandles$Lookup;Ljava/lang/String;Ljava/lang/invoke/MethodType;Ljava/lang/invoke/MethodType;Ljava/lang/invoke/MethodHandle;Ljava/lang/invoke/MethodType;)Ljava/lang/invoke/CallSite;"
            isInterface: CONST Boolean type=kotlin.Boolean value=false
          bootstrapMethodArguments: VARARG type=kotlin.Array<kotlin.Any> varargElementType=kotlin.Any
            CALL 'public final fun <jvm-original-method-type> (method: kotlin.Any): kotlin.Any declared in kotlin.jvm.internal' type=kotlin.Any origin=null
              method: RAW_FUNCTION_REFERENCE 'public abstract fun invoke (): R of kotlin.Function0 [operator] declared in kotlin.Function0' type=kotlin.Any
            RAW_FUNCTION_REFERENCE 'private final fun AppNavigation$lambda$7 ($days: kotlin.collections.List<kotlin.String>, $selectedTab$delegate: androidx.compose.runtime.MutableIntState): kotlin.Unit? declared in com.pilafme.weekflow.AppNavigationKt' type=kotlin.Any
            CALL 'public final fun <jvm-original-method-type> (method: kotlin.Any): kotlin.Any declared in kotlin.jvm.internal' type=kotlin.Any origin=null
              method: RAW_FUNCTION_REFERENCE 'public abstract fun invoke (): kotlin.Unit? [fake_override,operator] declared in kotlin.jvm.internal.invokeDynamic.<fake>' type=kotlin.Any
      $mask0: CONST Int type=kotlin.Int value=54
      $handler: CONST Null type=kotlin.Any? value=null
    CALL 'public final fun TaskListScreen$default (date: java.time.LocalDate, viewModel: com.pilafme.weekflow.TaskViewModel?, $mask0: kotlin.Int, $handler: kotlin.Any?): kotlin.Unit declared in com.pilafme.weekflow.TaskListScreenKt' type=kotlin.Unit origin=DEFAULT_DISPATCH_CALL
      date: BLOCK type=java.time.LocalDate origin=null
        VAR IR_TEMPORARY_VARIABLE name:tmp0 type:kotlin.Any? [val]
          CALL 'public abstract fun get (index: kotlin.Int): E of kotlin.collections.List [operator] declared in kotlin.collections.List' type=@[FlexibleNullability] java.time.LocalDate? origin=GET_ARRAY_ELEMENT
            $this: GET_VAR 'val dates: kotlin.collections.List<@[FlexibleNullability] java.time.LocalDate?> [val] declared in com.pilafme.weekflow.AppNavigationKt.AppNavigation' type=kotlin.collections.List<@[FlexibleNullability] java.time.LocalDate?> origin=null
            index: CALL 'private final fun AppNavigation$lambda$1 ($selectedTab$delegate: androidx.compose.runtime.MutableIntState): kotlin.Int declared in com.pilafme.weekflow.AppNavigationKt' type=kotlin.Int origin=GET_LOCAL_PROPERTY
              $selectedTab$delegate: GET_VAR 'val selectedTab$delegate: androidx.compose.runtime.MutableIntState [val] declared in com.pilafme.weekflow.AppNavigationKt.AppNavigation' type=androidx.compose.runtime.MutableIntState origin=null
        CALL 'public final fun checkNotNullExpressionValue (value: kotlin.Any?, expression: kotlin.String): kotlin.Unit declared in kotlin.jvm.internal.Intrinsics' type=kotlin.Unit origin=null
          value: GET_VAR 'val tmp0: kotlin.Any? [val] declared in com.pilafme.weekflow.AppNavigationKt.AppNavigation' type=kotlin.Any? origin=null
          expression: CONST String type=kotlin.String value="get(...)"
        GET_VAR 'val tmp0: kotlin.Any? [val] declared in com.pilafme.weekflow.AppNavigationKt.AppNavigation' type=kotlin.Any? origin=null
      viewModel: COMPOSITE type=com.pilafme.weekflow.TaskViewModel? origin=DEFAULT_VALUE
        CONST Null type=com.pilafme.weekflow.TaskViewModel? value=null
      $mask0: CONST Int type=kotlin.Int value=2
      $handler: CONST Null type=kotlin.Any? value=null

	at org.jetbrains.kotlin.backend.jvm.codegen.FunctionCodegen.generate(FunctionCodegen.kt:47)
	at org.jetbrains.kotlin.backend.jvm.codegen.FunctionCodegen.generate$default(FunctionCodegen.kt:40)
	at org.jetbrains.kotlin.backend.jvm.codegen.ClassCodegen.generateMethodNode(ClassCodegen.kt:406)
	at org.jetbrains.kotlin.backend.jvm.codegen.ClassCodegen.generateMethod(ClassCodegen.kt:423)
	at org.jetbrains.kotlin.backend.jvm.codegen.ClassCodegen.generate(ClassCodegen.kt:168)
	at org.jetbrains.kotlin.backend.jvm.FileCodegen.lower(JvmPhases.kt:39)
	at org.jetbrains.kotlin.backend.common.phaser.PhaseFactoriesKt.createFilePhase$lambda$4(PhaseFactories.kt:71)
	at org.jetbrains.kotlin.backend.common.phaser.PhaseBuildersKt$createSimpleNamedCompilerPhase$1.phaseBody(PhaseBuilders.kt:69)
	at org.jetbrains.kotlin.backend.common.phaser.SimpleNamedCompilerPhase.phaseBody(CompilerPhase.kt:226)
	at org.jetbrains.kotlin.backend.common.phaser.AbstractNamedCompilerPhase.invoke(CompilerPhase.kt:113)
	at org.jetbrains.kotlin.backend.common.phaser.PerformByIrFilePhase.invokeSequential(performByIrFile.kt:62)
	... 43 more
Caused by: org.jetbrains.kotlin.codegen.CompilationException: Back-end (JVM) Internal error: Couldn't inline method call: CALL 'public final fun remember <T> (calculation: @[DisallowComposableCalls] kotlin.Function0<T of androidx.compose.runtime.ComposablesKt.remember>): T of androidx.compose.runtime.ComposablesKt.remember [inline] declared in androidx.compose.runtime.ComposablesKt' type=androidx.compose.runtime.MutableIntState origin=null
Method: null
File is unknown
The root cause java.lang.IllegalStateException was thrown at: org.jetbrains.kotlin.codegen.inline.SourceCompilerForInlineKt.getMethodNode(SourceCompilerForInline.kt:118)
	at org.jetbrains.kotlin.codegen.inline.InlineCodegen.performInline(InlineCodegen.kt:65)
	at org.jetbrains.kotlin.backend.jvm.codegen.IrInlineCodegen.genInlineCall(IrInlineCodegen.kt:163)
	at org.jetbrains.kotlin.backend.jvm.codegen.IrInlineCallGenerator.genCall(IrInlineCallGenerator.kt:36)
	at org.jetbrains.kotlin.backend.jvm.codegen.ExpressionCodegen.visitCall(ExpressionCodegen.kt:653)
	at org.jetbrains.kotlin.backend.jvm.codegen.ExpressionCodegen.visitCall(ExpressionCodegen.kt:138)
	at org.jetbrains.kotlin.ir.expressions.IrCall.accept(IrCall.kt:24)
	at org.jetbrains.kotlin.backend.jvm.codegen.ExpressionCodegen.visitVariable(ExpressionCodegen.kt:790)
	at org.jetbrains.kotlin.backend.jvm.codegen.ExpressionCodegen.visitVariable(ExpressionCodegen.kt:138)
	at org.jetbrains.kotlin.ir.declarations.IrVariable.accept(IrVariable.kt:36)
	at org.jetbrains.kotlin.backend.jvm.codegen.ExpressionCodegen.visitStatementContainer(ExpressionCodegen.kt:579)
	at org.jetbrains.kotlin.backend.jvm.codegen.ExpressionCodegen.visitBlockBody(ExpressionCodegen.kt:584)
	at org.jetbrains.kotlin.backend.jvm.codegen.ExpressionCodegen.visitBlockBody(ExpressionCodegen.kt:138)
	at org.jetbrains.kotlin.ir.expressions.IrBlockBody.accept(IrBlockBody.kt:20)
	at org.jetbrains.kotlin.backend.jvm.codegen.ExpressionCodegen.generate(ExpressionCodegen.kt:240)
	at org.jetbrains.kotlin.backend.jvm.codegen.FunctionCodegen.doGenerate(FunctionCodegen.kt:123)
	at org.jetbrains.kotlin.backend.jvm.codegen.FunctionCodegen.generate(FunctionCodegen.kt:44)
	... 53 more
Caused by: java.lang.IllegalStateException: couldn't find inline method Landroidx/compose/runtime/ComposablesKt;.remember(Lkotlin/jvm/functions/Function0;)Ljava/lang/Object;
	at org.jetbrains.kotlin.codegen.inline.SourceCompilerForInlineKt.getMethodNode(SourceCompilerForInline.kt:118)
	at org.jetbrains.kotlin.codegen.inline.SourceCompilerForInlineKt.loadCompiledInlineFunction(SourceCompilerForInline.kt:96)
	at org.jetbrains.kotlin.backend.jvm.codegen.IrSourceCompilerForInline.compileInlineFunction(IrSourceCompilerForInline.kt:91)
	at org.jetbrains.kotlin.codegen.inline.InlineCodegen.compileInline(InlineCodegen.kt:43)
	at org.jetbrains.kotlin.codegen.inline.InlineCodegen.performInline(InlineCodegen.kt:51)
	... 68 more


